[2022-08-25T14:48:41.064Z] Log level: Info
[2022-08-25T14:48:41.086Z] [info] Validating found git in: git
[2022-08-25T14:48:41.150Z] [info] Using git 2.17.1 from git
[2022-08-25T14:54:47.118Z] > git rev-parse --show-toplevel [2ms]
[2022-08-25T14:54:47.131Z] > git rev-parse --git-dir --git-common-dir [1ms]
[2022-08-25T14:54:47.141Z] [info] Open repository: /home/HarryHetheringtons
[2022-08-25T14:54:47.195Z] > git status -z -uall [33ms]
[2022-08-25T14:54:47.208Z] > git symbolic-ref --short HEAD [4ms]
[2022-08-25T14:54:47.220Z] > git for-each-ref --format=%(refname)%00%(upstream:short)%00%(objectname)%00%(upstream:track)%00%(upstream:remotename)%00%(upstream:remoteref) refs/heads/main refs/remotes/main [4ms]
[2022-08-25T14:54:47.242Z] > git for-each-ref --sort -committerdate --format %(refname) %(objectname) %(*objectname) [14ms]
[2022-08-25T14:54:47.246Z] > git remote --verbose [8ms]
[2022-08-25T14:54:47.336Z] > git config --get commit.template [3ms]
[2022-08-25T14:54:48.273Z] > git status -z -uall [923ms]
[2022-08-25T14:54:48.283Z] > git fetch [1131ms]
[2022-08-25T14:54:48.296Z] > git check-ignore -v -z --stdin [5ms]
[2022-08-25T14:54:48.297Z] > git symbolic-ref --short HEAD [14ms]
[2022-08-25T14:54:48.312Z] > git for-each-ref --format=%(refname)%00%(upstream:short)%00%(objectname)%00%(upstream:track)%00%(upstream:remotename)%00%(upstream:remoteref) refs/heads/main refs/remotes/main [7ms]
[2022-08-25T14:54:48.326Z] > git for-each-ref --sort -committerdate --format %(refname) %(objectname) %(*objectname) [8ms]
[2022-08-25T14:54:48.328Z] > git remote --verbose [5ms]
[2022-08-25T14:54:48.424Z] > git config --get commit.template [3ms]
[2022-08-25T14:54:49.418Z] > git status -z -uall [985ms]
[2022-08-25T14:54:49.429Z] > git symbolic-ref --short HEAD [4ms]
[2022-08-25T14:54:49.448Z] > git for-each-ref --format=%(refname)%00%(upstream:short)%00%(objectname)%00%(upstream:track)%00%(upstream:remotename)%00%(upstream:remoteref) refs/heads/main refs/remotes/main [11ms]
[2022-08-25T14:54:49.466Z] > git remote --verbose [3ms]
[2022-08-25T14:54:49.467Z] > git for-each-ref --sort -committerdate --format %(refname) %(objectname) %(*objectname) [11ms]
[2022-08-25T14:54:49.540Z] > git config --get commit.template [10ms]
[2022-08-25T14:54:50.516Z] > git show --textconv :playbook.yaml [8ms]
[2022-08-25T14:54:50.517Z] > git ls-files --stage -- /home/HarryHetheringtons/playbook.yaml [2ms]
[2022-08-25T14:54:50.769Z] > git ls-files --stage -- /home/HarryHetheringtons/playbook.yaml [1ms]
[2022-08-25T14:54:50.802Z] > git show --textconv :playbook.yaml [1ms]
[2022-08-25T14:55:16.102Z] > git status -z -uall [16ms]
[2022-08-25T14:55:16.113Z] > git symbolic-ref --short HEAD [1ms]
[2022-08-25T14:55:16.123Z] > git for-each-ref --format=%(refname)%00%(upstream:short)%00%(objectname)%00%(upstream:track)%00%(upstream:remotename)%00%(upstream:remoteref) refs/heads/main refs/remotes/main [2ms]
[2022-08-25T14:55:16.142Z] > git remote --verbose [1ms]
[2022-08-25T14:55:16.143Z] > git for-each-ref --sort -committerdate --format %(refname) %(objectname) %(*objectname) [10ms]
[2022-08-25T14:55:16.183Z] > git config --get commit.template [3ms]
[2022-08-25T14:55:21.211Z] > git status -z -uall [14ms]
[2022-08-25T14:55:21.219Z] > git symbolic-ref --short HEAD [2ms]
[2022-08-25T14:55:21.226Z] > git for-each-ref --format=%(refname)%00%(upstream:short)%00%(objectname)%00%(upstream:track)%00%(upstream:remotename)%00%(upstream:remoteref) refs/heads/main refs/remotes/main [0ms]
[2022-08-25T14:55:21.238Z] > git for-each-ref --sort -committerdate --format %(refname) %(objectname) %(*objectname) [6ms]
[2022-08-25T14:55:21.239Z] > git remote --verbose [2ms]
[2022-08-25T14:55:21.288Z] > git config --get commit.template [2ms]
[2022-08-25T14:55:26.311Z] > git status -z -uall [16ms]
[2022-08-25T14:55:26.320Z] > git symbolic-ref --short HEAD [1ms]
[2022-08-25T14:55:26.327Z] > git for-each-ref --format=%(refname)%00%(upstream:short)%00%(objectname)%00%(upstream:track)%00%(upstream:remotename)%00%(upstream:remoteref) refs/heads/main refs/remotes/main [0ms]
[2022-08-25T14:55:26.340Z] > git remote --verbose [1ms]
[2022-08-25T14:55:26.341Z] > git for-each-ref --sort -committerdate --format %(refname) %(objectname) %(*objectname) [8ms]
[2022-08-25T14:55:26.383Z] > git config --get commit.template [6ms]
[2022-08-25T14:55:31.415Z] > git status -z -uall [21ms]
[2022-08-25T14:55:31.426Z] > git symbolic-ref --short HEAD [1ms]
[2022-08-25T14:55:31.437Z] > git for-each-ref --format=%(refname)%00%(upstream:short)%00%(objectname)%00%(upstream:track)%00%(upstream:remotename)%00%(upstream:remoteref) refs/heads/main refs/remotes/main [1ms]
[2022-08-25T14:55:31.457Z] > git remote --verbose [2ms]
[2022-08-25T14:55:31.458Z] > git for-each-ref --sort -committerdate --format %(refname) %(objectname) %(*objectname) [12ms]
[2022-08-25T14:55:31.497Z] > git config --get commit.template [1ms]
[2022-08-25T14:55:36.525Z] > git status -z -uall [12ms]
[2022-08-25T14:55:36.537Z] > git symbolic-ref --short HEAD [1ms]
[2022-08-25T14:55:36.546Z] > git for-each-ref --format=%(refname)%00%(upstream:short)%00%(objectname)%00%(upstream:track)%00%(upstream:remotename)%00%(upstream:remoteref) refs/heads/main refs/remotes/main [1ms]
[2022-08-25T14:55:36.562Z] > git remote --verbose [1ms]
[2022-08-25T14:55:36.563Z] > git for-each-ref --sort -committerdate --format %(refname) %(objectname) %(*objectname) [10ms]
[2022-08-25T14:55:36.605Z] > git config --get commit.template [1ms]
[2022-08-25T14:55:41.632Z] > git status -z -uall [11ms]
[2022-08-25T14:55:41.643Z] > git symbolic-ref --short HEAD [2ms]
[2022-08-25T14:55:41.652Z] > git for-each-ref --format=%(refname)%00%(upstream:short)%00%(objectname)%00%(upstream:track)%00%(upstream:remotename)%00%(upstream:remoteref) refs/heads/main refs/remotes/main [0ms]
[2022-08-25T14:55:41.670Z] > git remote --verbose [1ms]
[2022-08-25T14:55:41.671Z] > git for-each-ref --sort -committerdate --format %(refname) %(objectname) %(*objectname) [10ms]
[2022-08-25T14:55:41.726Z] > git config --get commit.template [3ms]
[2022-08-25T14:55:46.764Z] > git status -z -uall [26ms]
[2022-08-25T14:55:46.774Z] > git symbolic-ref --short HEAD [1ms]
[2022-08-25T14:55:46.785Z] > git for-each-ref --format=%(refname)%00%(upstream:short)%00%(objectname)%00%(upstream:track)%00%(upstream:remotename)%00%(upstream:remoteref) refs/heads/main refs/remotes/main [2ms]
[2022-08-25T14:55:46.805Z] > git remote --verbose [4ms]
[2022-08-25T14:55:46.806Z] > git for-each-ref --sort -committerdate --format %(refname) %(objectname) %(*objectname) [13ms]
[2022-08-25T14:55:46.871Z] > git config --get commit.template [6ms]
[2022-08-25T14:55:51.897Z] > git status -z -uall [12ms]
[2022-08-25T14:55:51.908Z] > git symbolic-ref --short HEAD [1ms]
[2022-08-25T14:55:51.916Z] > git for-each-ref --format=%(refname)%00%(upstream:short)%00%(objectname)%00%(upstream:track)%00%(upstream:remotename)%00%(upstream:remoteref) refs/heads/main refs/remotes/main [1ms]
[2022-08-25T14:55:51.929Z] > git remote --verbose [1ms]
[2022-08-25T14:55:51.930Z] > git for-each-ref --sort -committerdate --format %(refname) %(objectname) %(*objectname) [8ms]
[2022-08-25T14:55:51.962Z] > git config --get commit.template [1ms]
[2022-08-25T14:55:56.987Z] > git status -z -uall [10ms]
[2022-08-25T14:55:56.995Z] > git symbolic-ref --short HEAD [0ms]
[2022-08-25T14:55:57.003Z] > git for-each-ref --format=%(refname)%00%(upstream:short)%00%(objectname)%00%(upstream:track)%00%(upstream:remotename)%00%(upstream:remoteref) refs/heads/main refs/remotes/main [0ms]
[2022-08-25T14:55:57.018Z] > git remote --verbose [1ms]
[2022-08-25T14:55:57.018Z] > git for-each-ref --sort -committerdate --format %(refname) %(objectname) %(*objectname) [7ms]
[2022-08-25T14:55:57.054Z] > git config --get commit.template [1ms]
[2022-08-25T14:56:02.080Z] > git status -z -uall [11ms]
[2022-08-25T14:56:02.090Z] > git symbolic-ref --short HEAD [1ms]
[2022-08-25T14:56:02.098Z] > git for-each-ref --format=%(refname)%00%(upstream:short)%00%(objectname)%00%(upstream:track)%00%(upstream:remotename)%00%(upstream:remoteref) refs/heads/main refs/remotes/main [1ms]
[2022-08-25T14:56:02.112Z] > git remote --verbose [1ms]
[2022-08-25T14:56:02.113Z] > git for-each-ref --sort -committerdate --format %(refname) %(objectname) %(*objectname) [8ms]
[2022-08-25T14:56:02.153Z] > git config --get commit.template [2ms]
[2022-08-25T14:56:05.058Z] > git ls-files --stage -- /home/HarryHetheringtons/playbook.yaml [2ms]
[2022-08-25T14:56:05.102Z] > git show --textconv :playbook.yaml [1ms]
[2022-08-25T14:56:07.180Z] > git status -z -uall [11ms]
[2022-08-25T14:56:07.190Z] > git symbolic-ref --short HEAD [1ms]
[2022-08-25T14:56:07.200Z] > git for-each-ref --format=%(refname)%00%(upstream:short)%00%(objectname)%00%(upstream:track)%00%(upstream:remotename)%00%(upstream:remoteref) refs/heads/main refs/remotes/main [1ms]
[2022-08-25T14:56:07.217Z] > git remote --verbose [2ms]
[2022-08-25T14:56:07.217Z] > git for-each-ref --sort -committerdate --format %(refname) %(objectname) %(*objectname) [9ms]
[2022-08-25T14:56:07.253Z] > git config --get commit.template [1ms]
[2022-08-25T14:56:12.278Z] > git status -z -uall [16ms]
[2022-08-25T14:56:12.287Z] > git symbolic-ref --short HEAD [2ms]
[2022-08-25T14:56:12.295Z] > git for-each-ref --format=%(refname)%00%(upstream:short)%00%(objectname)%00%(upstream:track)%00%(upstream:remotename)%00%(upstream:remoteref) refs/heads/main refs/remotes/main [1ms]
[2022-08-25T14:56:12.310Z] > git remote --verbose [1ms]
[2022-08-25T14:56:12.310Z] > git for-each-ref --sort -committerdate --format %(refname) %(objectname) %(*objectname) [8ms]
[2022-08-25T14:56:12.345Z] > git config --get commit.template [1ms]
[2022-08-25T14:56:17.369Z] > git status -z -uall [17ms]
[2022-08-25T14:56:17.377Z] > git symbolic-ref --short HEAD [1ms]
[2022-08-25T14:56:17.384Z] > git for-each-ref --format=%(refname)%00%(upstream:short)%00%(objectname)%00%(upstream:track)%00%(upstream:remotename)%00%(upstream:remoteref) refs/heads/main refs/remotes/main [1ms]
[2022-08-25T14:56:17.397Z] > git remote --verbose [1ms]
[2022-08-25T14:56:17.397Z] > git for-each-ref --sort -committerdate --format %(refname) %(objectname) %(*objectname) [6ms]
[2022-08-25T14:56:17.429Z] > git config --get commit.template [2ms]
[2022-08-25T14:56:22.463Z] > git status -z -uall [25ms]
[2022-08-25T14:56:22.473Z] > git symbolic-ref --short HEAD [3ms]
[2022-08-25T14:56:22.482Z] > git for-each-ref --format=%(refname)%00%(upstream:short)%00%(objectname)%00%(upstream:track)%00%(upstream:remotename)%00%(upstream:remoteref) refs/heads/main refs/remotes/main [2ms]
[2022-08-25T14:56:22.498Z] > git for-each-ref --sort -committerdate --format %(refname) %(objectname) %(*objectname) [9ms]
[2022-08-25T14:56:22.500Z] > git remote --verbose [3ms]
[2022-08-25T14:56:22.551Z] > git config --get commit.template [3ms]
